
Showing logs for build [32mcb-kubecd-environment-pr-237-1-6j4x2-1[0m stage [32mfrom-build-pack[0m and container [32mstep-credential-initializer-tqrtv[0m
{"level":"info","ts":1592534265.031022,"logger":"fallback-logger","caller":"logging/config.go:69","msg":"Fetch GitHub commit ID from kodata failed: open /var/run/ko/refs/heads/0.8.0-ns-support: no such file or directory"}
{"level":"info","ts":1592534265.0317333,"logger":"fallback-logger","caller":"creds-init/main.go:40","msg":"Credentials initialized."}

Showing logs for build [32mcb-kubecd-environment-pr-237-1-6j4x2-1[0m stage [32mfrom-build-pack[0m and container [32mstep-working-dir-initializer-t7jk5[0m
{"level":"info","ts":1592534266.3943543,"logger":"fallback-logger","caller":"logging/config.go:69","msg":"Fetch GitHub commit ID from kodata failed: open /var/run/ko/HEAD: no such file or directory"}
{"level":"info","ts":1592534266.3957715,"logger":"fallback-logger","caller":"bash/main.go:64","msg":"Successfully executed command \"sh -c mkdir -p /workspace/source\"; output "}

Showing logs for build [32mcb-kubecd-environment-pr-237-1-6j4x2-1[0m stage [32mfrom-build-pack[0m and container [32mstep-place-tools[0m

Showing logs for build [32mcb-kubecd-environment-pr-237-1-6j4x2-1[0m stage [32mfrom-build-pack[0m and container [32mstep-git-source-cb-kubecd-environment-pr-237-1-6j4x2-drpzk[0m
{"level":"info","ts":1592534270.6264663,"logger":"fallback-logger","caller":"logging/config.go:69","msg":"Fetch GitHub commit ID from kodata failed: open /var/run/ko/refs/heads/0.8.0-ns-support: no such file or directory"}
{"level":"info","ts":1592534271.7514238,"logger":"fallback-logger","caller":"git/git.go:103","msg":"Successfully cloned https://github.com/cb-kubecd/environment-pr-237-1-boot-gke-production.git @ master in path /workspace/source"}

Showing logs for build [32mcb-kubecd-environment-pr-237-1-6j4x2-1[0m stage [32mfrom-build-pack[0m and container [32mstep-git-merge[0m
Using SHAs from PULL_REFS=master:15b4d386eea494e94b6ccc980c0e309d6f81e696,1:9d8219fad9225c458d66a37c7261ab2154cc7142
DEBUG: LC_ALL=C JX_LOG_LEVEL=error git fetch origin --unshallow 9d8219fad9225c458d66a37c7261ab2154cc7142: 15b4d386eea494e94b6ccc980c0e309d6f81e696:
DEBUG: ran git fetch --unshallow origin 9d8219fad9225c458d66a37c7261ab2154cc7142: 15b4d386eea494e94b6ccc980c0e309d6f81e696: in 
DEBUG: LC_ALL=C JX_LOG_LEVEL=error git branch
DEBUG: LC_ALL=C JX_LOG_LEVEL=error git checkout master
DEBUG: ran git checkout master in 
DEBUG: JX_LOG_LEVEL=error LC_ALL=C git reset --hard 15b4d386eea494e94b6ccc980c0e309d6f81e696
DEBUG: ran git reset --hard 15b4d386eea494e94b6ccc980c0e309d6f81e696 in 
DEBUG: LC_ALL=C JX_LOG_LEVEL=error git clean -fd .
DEBUG: ran clean --force -d . in 
DEBUG: LC_ALL=C JX_LOG_LEVEL=error git merge 9d8219fad9225c458d66a37c7261ab2154cc7142
DEBUG: ran git merge 9d8219fad9225c458d66a37c7261ab2154cc7142 in 
DEBUG: JX_LOG_LEVEL=error LC_ALL=C git log --format=%H%x1f%an%x1f%ae%x1f%cn%x1f%ce%x1f%s%n%b%x1e 15b4d386eea494e94b6ccc980c0e309d6f81e696..HEAD
Merged SHA 9d8219fad9225c458d66a37c7261ab2154cc7142 with commit message 'chore: Promote bdd-spring-1592533390 to version 0.0.1' into base branch master

Showing logs for build [32mcb-kubecd-environment-pr-237-1-6j4x2-1[0m stage [32mfrom-build-pack[0m and container [32mstep-build-helm-build[0m
WARNING: No $CHART_REPOSITORY defined so using the default value of: http://jenkins-x-chartmuseum:8080
Adding missing Helm repo: storage.googleapis.com https://storage.googleapis.com/chartmuseum.jenkins-x.io
WARNING: No secrets found on "helm/repos" due: reading the secret "helm/repos" from vault: no secret "helm/repos" not found in vault
Read credentials for https://storage.googleapis.com/chartmuseum.jenkins-x.io from vault helm/repos
Successfully added Helm repository storage.googleapis.com.
Adding missing Helm repo: jenkins-x-chartmuseum http://jenkins-x-chartmuseum:8080
WARNING: No secrets found on "helm/repos" due: reading the secret "helm/repos" from vault: no secret "helm/repos" not found in vault
Read credentials for http://jenkins-x-chartmuseum:8080 from vault helm/repos
Successfully added Helm repository jenkins-x-chartmuseum.
WARNING: No $CHART_REPOSITORY defined so using the default value of: http://jenkins-x-chartmuseum:8080
Adding missing Helm repo: chartmuseum.jenkins-x.io http://chartmuseum.jenkins-x.io
WARNING: No secrets found on "helm/repos" due: reading the secret "helm/repos" from vault: no secret "helm/repos" not found in vault
Read credentials for http://chartmuseum.jenkins-x.io from vault helm/repos
Successfully added Helm repository chartmuseum.jenkins-x.io.
